<?xml version="1.0" encoding="UTF-8"?>
<testsuite xmlns:xsi="http://www.w3.org/2001/XMLSchema-instance" xsi:noNamespaceSchemaLocation="https://maven.apache.org/surefire/maven-surefire-plugin/xsd/surefire-test-report-3.0.xsd" version="3.0" name="com.example.DemoApplicationTests" time="0.319" tests="1" errors="0" skipped="0" failures="0">
  <properties>
[...]
</properties>
  <testcase name="contextLoads" classname="com.example.DemoApplicationTests" time="0.168">
    <system-out><![CDATA[12:38:29.236 [main] DEBUG org.springframework.boot.test.context.SpringBootTestContextBootstrapper - Neither @ContextConfiguration nor @ContextHierarchy found for test class [DemoApplicationTests]: using SpringBootContextLoader
12:38:29.241 [main] DEBUG org.springframework.test.context.support.AbstractContextLoader - Could not detect default resource locations for test class [com.example.DemoApplicationTests]: no resource found for suffixes {-context.xml, Context.groovy}.
12:38:29.243 [main] INFO org.springframework.test.context.support.AnnotationConfigContextLoaderUtils - Could not detect default configuration classes for test class [com.example.DemoApplicationTests]: DemoApplicationTests does not declare any static, non-private, non-final, nested classes annotated with @Configuration.
12:38:29.266 [main] DEBUG org.springframework.boot.test.context.SpringBootTestContextBootstrapper - Using ContextCustomizers for test class [DemoApplicationTests]: [ExcludeFilterContextCustomizer, DuplicateJsonObjectContextCustomizer, MockitoContextCustomizer, TestRestTemplateContextCustomizer, DisableObservabilityContextCustomizer, PropertyMappingContextCustomizer, Customizer]
12:38:29.350 [main] DEBUG org.springframework.context.annotation.ClassPathScanningCandidateComponentProvider - Identified candidate component class: file [/home/slim/Programming/Projet_DevOps/TodoApp/target/classes/com/example/DemoApplication.class]
12:38:29.352 [main] INFO org.springframework.boot.test.context.SpringBootTestContextBootstrapper - Found @SpringBootConfiguration com.example.DemoApplication for test class com.example.DemoApplicationTests
12:38:29.460 [main] DEBUG org.springframework.boot.test.context.SpringBootTestContextBootstrapper - Using TestExecutionListeners for test class [DemoApplicationTests]: [ServletTestExecutionListener, DirtiesContextBeforeModesTestExecutionListener, ApplicationEventsTestExecutionListener, MockitoTestExecutionListener, DependencyInjectionTestExecutionListener, DirtiesContextTestExecutionListener, TransactionalTestExecutionListener, SqlScriptsTestExecutionListener, EventPublishingTestExecutionListener, ResetMocksTestExecutionListener, RestDocsTestExecutionListener, MockRestServiceServerResetTestExecutionListener, MockMvcPrintOnlyOnFailureTestExecutionListener, WebDriverTestExecutionListener, MockWebServiceServerTestExecutionListener]
12:38:29.474 [main] DEBUG org.springframework.test.context.support.DefaultTestContextBootstrapper - Neither @ContextConfiguration nor @ContextHierarchy found for test class [ToDoServiceTest]: using DelegatingSmartContextLoader
12:38:29.476 [main] DEBUG org.springframework.test.context.support.AbstractContextLoader - Could not detect default resource locations for test class [com.example.service.ToDoServiceTest]: no resource found for suffixes {-context.xml}.
12:38:29.477 [main] INFO org.springframework.test.context.support.AnnotationConfigContextLoaderUtils - Could not detect default configuration classes for test class [com.example.service.ToDoServiceTest]: ToDoServiceTest does not declare any static, non-private, non-final, nested classes annotated with @Configuration.
12:38:29.479 [main] DEBUG org.springframework.test.context.support.DefaultTestContextBootstrapper - Using ContextCustomizers for test class [ToDoServiceTest]: [ExcludeFilterContextCustomizer, DuplicateJsonObjectContextCustomizer, MockitoContextCustomizer, DisableObservabilityContextCustomizer, PropertyMappingContextCustomizer, Customizer]
12:38:29.481 [main] DEBUG org.springframework.test.context.support.DefaultTestContextBootstrapper - Using TestExecutionListeners for test class [ToDoServiceTest]: [ServletTestExecutionListener, DirtiesContextBeforeModesTestExecutionListener, ApplicationEventsTestExecutionListener, MockitoTestExecutionListener, DependencyInjectionTestExecutionListener, DirtiesContextTestExecutionListener, TransactionalTestExecutionListener, SqlScriptsTestExecutionListener, EventPublishingTestExecutionListener, ResetMocksTestExecutionListener, RestDocsTestExecutionListener, MockRestServiceServerResetTestExecutionListener, MockMvcPrintOnlyOnFailureTestExecutionListener, WebDriverTestExecutionListener, MockWebServiceServerTestExecutionListener]
12:38:29.489 [main] DEBUG org.springframework.test.context.support.AbstractContextLoader - Could not detect default resource locations for test class [com.example.web.ToDoControllerTest]: no resource found for suffixes {-context.xml, Context.groovy}.
12:38:29.493 [main] DEBUG org.springframework.boot.test.context.SpringBootTestContextBootstrapper - Using ContextCustomizers for test class [ToDoControllerTest]: [ExcludeFilterContextCustomizer, DuplicateJsonObjectContextCustomizer, MockitoContextCustomizer, TestRestTemplateContextCustomizer, DisableObservabilityContextCustomizer, PropertyMappingContextCustomizer, Customizer]
12:38:29.500 [main] DEBUG org.springframework.boot.test.context.SpringBootTestContextBootstrapper - Using TestExecutionListeners for test class [ToDoControllerTest]: [ServletTestExecutionListener, DirtiesContextBeforeModesTestExecutionListener, ApplicationEventsTestExecutionListener, MockitoTestExecutionListener, DependencyInjectionTestExecutionListener, DirtiesContextTestExecutionListener, TransactionalTestExecutionListener, SqlScriptsTestExecutionListener, EventPublishingTestExecutionListener, ResetMocksTestExecutionListener, RestDocsTestExecutionListener, MockRestServiceServerResetTestExecutionListener, MockMvcPrintOnlyOnFailureTestExecutionListener, WebDriverTestExecutionListener, MockWebServiceServerTestExecutionListener]
12:38:29.512 [main] DEBUG org.springframework.test.annotation.ProfileValueUtils - Retrieved @ProfileValueSourceConfiguration [null] for test class [com.example.DemoApplicationTests]
12:38:29.514 [main] DEBUG org.springframework.test.annotation.ProfileValueUtils - Retrieved ProfileValueSource type [class org.springframework.test.annotation.SystemProfileValueSource] for class [com.example.DemoApplicationTests]
12:38:29.515 [main] DEBUG org.springframework.test.annotation.ProfileValueUtils - Retrieved @ProfileValueSourceConfiguration [null] for test class [com.example.service.ToDoServiceTest]
12:38:29.515 [main] DEBUG org.springframework.test.annotation.ProfileValueUtils - Retrieved ProfileValueSource type [class org.springframework.test.annotation.SystemProfileValueSource] for class [com.example.service.ToDoServiceTest]
12:38:29.515 [main] DEBUG org.springframework.test.annotation.ProfileValueUtils - Retrieved @ProfileValueSourceConfiguration [null] for test class [com.example.web.ToDoControllerTest]
12:38:29.515 [main] DEBUG org.springframework.test.annotation.ProfileValueUtils - Retrieved ProfileValueSource type [class org.springframework.test.annotation.SystemProfileValueSource] for class [com.example.web.ToDoControllerTest]
12:38:29.517 [main] DEBUG org.springframework.test.annotation.ProfileValueUtils - Retrieved @ProfileValueSourceConfiguration [null] for test class [com.example.DemoApplicationTests]
12:38:29.517 [main] DEBUG org.springframework.test.annotation.ProfileValueUtils - Retrieved ProfileValueSource type [class org.springframework.test.annotation.SystemProfileValueSource] for class [com.example.DemoApplicationTests]
12:38:29.517 [main] DEBUG org.springframework.test.annotation.ProfileValueUtils - Retrieved @ProfileValueSourceConfiguration [null] for test class [com.example.service.ToDoServiceTest]
12:38:29.517 [main] DEBUG org.springframework.test.annotation.ProfileValueUtils - Retrieved ProfileValueSource type [class org.springframework.test.annotation.SystemProfileValueSource] for class [com.example.service.ToDoServiceTest]
12:38:29.517 [main] DEBUG org.springframework.test.annotation.ProfileValueUtils - Retrieved @ProfileValueSourceConfiguration [null] for test class [com.example.web.ToDoControllerTest]
12:38:29.518 [main] DEBUG org.springframework.test.annotation.ProfileValueUtils - Retrieved ProfileValueSource type [class org.springframework.test.annotation.SystemProfileValueSource] for class [com.example.web.ToDoControllerTest]
12:38:29.519 [main] DEBUG org.springframework.test.annotation.ProfileValueUtils - Retrieved @ProfileValueSourceConfiguration [null] for test class [com.example.DemoApplicationTests]
12:38:29.519 [main] DEBUG org.springframework.test.annotation.ProfileValueUtils - Retrieved ProfileValueSource type [class org.springframework.test.annotation.SystemProfileValueSource] for class [com.example.DemoApplicationTests]
12:38:29.519 [main] DEBUG org.springframework.test.annotation.ProfileValueUtils - Retrieved @ProfileValueSourceConfiguration [null] for test class [com.example.DemoApplicationTests]
12:38:29.519 [main] DEBUG org.springframework.test.annotation.ProfileValueUtils - Retrieved ProfileValueSource type [class org.springframework.test.annotation.SystemProfileValueSource] for class [com.example.DemoApplicationTests]
12:38:29.521 [main] DEBUG org.springframework.test.context.support.AbstractDirtiesContextTestExecutionListener - Before test class: class [DemoApplicationTests], class annotated with @DirtiesContext [false] with mode [null]
12:38:29.522 [main] DEBUG org.springframework.test.annotation.ProfileValueUtils - Retrieved @ProfileValueSourceConfiguration [null] for test class [com.example.DemoApplicationTests]
12:38:29.522 [main] DEBUG org.springframework.test.annotation.ProfileValueUtils - Retrieved ProfileValueSource type [class org.springframework.test.annotation.SystemProfileValueSource] for class [com.example.DemoApplicationTests]

  .   ____          _            __ _ _
 /\\ / ___'_ __ _ _(_)_ __  __ _ \ \ \ \
( ( )\___ | '_ | '_| | '_ \/ _` | \ \ \ \
 \\/  ___)| |_)| | | | | || (_| |  ) ) ) )
  '  |____| .__|_| |_|_| |_\__, | / / / /
 =========|_|==============|___/=/_/_/_/
 :: Spring Boot ::                (v3.0.0)

2023-11-19T12:38:29.840+01:00  INFO 22570 --- [           main] com.example.DemoApplicationTests         : Starting DemoApplicationTests using Java 17.0.8.1 with PID 22570 (started by slim in /home/slim/Programming/Projet_DevOps/TodoApp)
2023-11-19T12:38:29.842+01:00  INFO 22570 --- [           main] com.example.DemoApplicationTests         : No active profile set, falling back to 1 default profile: "default"
2023-11-19T12:38:30.432+01:00  INFO 22570 --- [           main] .s.d.r.c.RepositoryConfigurationDelegate : Bootstrapping Spring Data JPA repositories in DEFAULT mode.
2023-11-19T12:38:30.495+01:00  INFO 22570 --- [           main] .s.d.r.c.RepositoryConfigurationDelegate : Finished Spring Data repository scanning in 53 ms. Found 1 JPA repository interfaces.
2023-11-19T12:38:31.040+01:00  INFO 22570 --- [           main] o.hibernate.jpa.internal.util.LogHelper  : HHH000204: Processing PersistenceUnitInfo [name: default]
2023-11-19T12:38:31.099+01:00  INFO 22570 --- [           main] org.hibernate.Version                    : HHH000412: Hibernate ORM core version 6.1.5.Final
2023-11-19T12:38:31.218+01:00  WARN 22570 --- [           main] org.hibernate.orm.deprecation            : HHH90000021: Encountered deprecated setting [javax.persistence.sharedCache.mode], use [jakarta.persistence.sharedCache.mode] instead
2023-11-19T12:38:31.307+01:00  INFO 22570 --- [           main] com.zaxxer.hikari.HikariDataSource       : HikariPool-1 - Starting...
2023-11-19T12:38:31.438+01:00  INFO 22570 --- [           main] com.zaxxer.hikari.pool.HikariPool        : HikariPool-1 - Added connection conn0: url=jdbc:h2:mem:postgres user=SA
2023-11-19T12:38:31.439+01:00  INFO 22570 --- [           main] com.zaxxer.hikari.HikariDataSource       : HikariPool-1 - Start completed.
2023-11-19T12:38:31.480+01:00  INFO 22570 --- [           main] SQL dialect                              : HHH000400: Using dialect: org.hibernate.dialect.H2Dialect
Hibernate: drop table if exists to_do cascade 
Hibernate: drop sequence if exists to_do_seq
Hibernate: create sequence to_do_seq start with 1 increment by 50
Hibernate: create table to_do (id bigint not null, completed boolean not null, text varchar(255), primary key (id))
2023-11-19T12:38:32.060+01:00  INFO 22570 --- [           main] o.h.e.t.j.p.i.JtaPlatformInitiator       : HHH000490: Using JtaPlatform implementation: [org.hibernate.engine.transaction.jta.platform.internal.NoJtaPlatform]
2023-11-19T12:38:32.066+01:00  INFO 22570 --- [           main] j.LocalContainerEntityManagerFactoryBean : Initialized JPA EntityManagerFactory for persistence unit 'default'
2023-11-19T12:38:32.472+01:00  WARN 22570 --- [           main] JpaBaseConfiguration$JpaWebConfiguration : spring.jpa.open-in-view is enabled by default. Therefore, database queries may be performed during view rendering. Explicitly configure spring.jpa.open-in-view to disable this warning
2023-11-19T12:38:32.820+01:00  INFO 22570 --- [           main] o.s.b.a.h2.H2ConsoleAutoConfiguration    : H2 console available at '/h2-console'. Database available at 'jdbc:h2:mem:postgres'
2023-11-19T12:38:32.870+01:00  INFO 22570 --- [           main] com.example.DemoApplicationTests         : Started DemoApplicationTests in 3.315 seconds (process running for 4.144)
Hibernate: select next value for to_do_seq
Hibernate: insert into to_do (completed, text, id) values (?, ?, ?)
Hibernate: select next value for to_do_seq
Hibernate: insert into to_do (completed, text, id) values (?, ?, ?)
Hibernate: insert into to_do (completed, text, id) values (?, ?, ?)
Hibernate: insert into to_do (completed, text, id) values (?, ?, ?)
2023-11-19T12:38:32.930+01:00  INFO 22570 --- [           main] com.example.DemoApplication              : The sample data has been generated
]]></system-out>
  </testcase>
</testsuite>